Arguments: 
  /usr/local/Cellar/node/13.7.0/bin/node /usr/local/Cellar/yarn/1.21.1/libexec/bin/yarn.js add react

PATH: 
  /usr/local/bin:/usr/bin:/bin:/usr/sbin:/sbin:/Users/muratdemir/Desktop/projelerim/selizlipenguen-modules/react-native-scrolling-menu/node_modules/.bin

Yarn version: 
  1.21.1

Node version: 
  13.7.0

Platform: 
  darwin x64

Trace: 
  SyntaxError: /Users/muratdemir/Desktop/projelerim/selizlipenguen-modules/react-native-scrolling-menu/package.json: Unexpected token ] in JSON at position 761
      at JSON.parse (<anonymous>)
      at /usr/local/Cellar/yarn/1.21.1/libexec/lib/cli.js:1625:59
      at Generator.next (<anonymous>)
      at step (/usr/local/Cellar/yarn/1.21.1/libexec/lib/cli.js:310:30)
      at /usr/local/Cellar/yarn/1.21.1/libexec/lib/cli.js:321:13

npm manifest: 
  {
    "name": "react-native-scrolling-menu",
    "version": "0.0.5",
    "description": "React native scrolling menu",
    "main": "lib/index.js",
    "scripts": {
      "start": "node node_modules/react-native/local-cli/cli.js start",
      "test": "npm run format && npm run lint && npm run test:unit",
      "test:unit": "jest",
      "format": "prettier --write --list-different './src/**/*.js'",
      "lint": "eslint --fix './src/**/*.js'",
      "precommit": "lint-staged"
    },
    "files": [
      "lib"
    ],
    "repository": {
      "type": "git",
      "url": "git+https://github.com/sekizlipenguen/react-native-scrolling-menu.git"
    },
    "keywords": [
      "scrolling menu horizontal",
      "react",
      "react-native",
      "scrolling",
      "button",
      "menu",
      "horizontal",
    ],
    "author": "SekizliPenguen",
    "license": "MIT",
    "readmeFilename": "README.md",
    "bugs": {
      "url": "https://github.com/sekizlipenguen/react-native-scrolling-menu/issues"
    },
    "homepage": "https://github.com/sekizlipenguen/react-native-scrolling-menu#readme"
  }

yarn manifest: 
  No manifest

Lockfile: 
  No lockfile
